<?xml version="1.0" encoding="UTF-8"?>
<!-- Generated by org.testng.reporters.JUnitXMLReporter -->
<testsuite ignored="0" hostname="DESKTOP-2RU8RFU" failures="0" tests="4" name="Default test" time="8.248" errors="0" timestamp="2021-06-17T20:15:40 IST">
  <testcase classname="com.w2a.testcases.ManagerAddcustomer" name="excelR" time="4.126"/>
  <testcase classname="com.w2a.testcases.ManagerAddcustomer" name="excelR" time="0.067"/>
  <testcase classname="com.w2a.testcases.ManagerAddcustomer" name="excelR" time="0.041"/>
  <testcase classname="com.w2a.testcases.ManagerAddcustomer" name="excelR" time="0.015"/>
</testsuite> <!-- Default test -->
