<?xml version="1.0" encoding="UTF-8"?>
<!-- Generated by org.testng.reporters.JUnitXMLReporter -->
<testsuite ignored="0" hostname="DESKTOP-SB967CE" failures="0" tests="4" name="Addcust" time="9.042" errors="0" timestamp="2021-06-02T00:18:14 IST">
  <testcase classname="com.w2a.testcases.ManagerAddcustomer" name="excelR" time="1.993"/>
  <testcase classname="com.w2a.testcases.ManagerAddcustomer" name="excelR" time="1.55"/>
  <testcase classname="com.w2a.testcases.ManagerAddcustomer" name="excelR" time="1.486"/>
  <testcase classname="com.w2a.testcases.ManagerAddcustomer" name="excelR" time="1.466"/>
</testsuite> <!-- Addcust -->
