<?xml version="1.0" encoding="UTF-8"?>
<!-- Generated by org.testng.reporters.JUnitXMLReporter -->
<testsuite ignored="0" hostname="DESKTOP-2RU8RFU" failures="0" tests="4" name="Addcust" time="14.172" errors="0" timestamp="2021-06-17T20:20:50 IST">
  <testcase classname="com.w2a.testcases.ManagerAddcustomer" name="excelR" time="2.298"/>
  <testcase classname="com.w2a.testcases.ManagerAddcustomer" name="excelR" time="1.493"/>
  <testcase classname="com.w2a.testcases.ManagerAddcustomer" name="excelR" time="1.558"/>
  <testcase classname="com.w2a.testcases.ManagerAddcustomer" name="excelR" time="1.446"/>
</testsuite> <!-- Addcust -->
