<?xml version="1.0" encoding="UTF-8"?>
<!-- Generated by org.testng.reporters.JUnitXMLReporter -->
<testsuite ignored="0" hostname="DESKTOP-SB967CE" failures="0" tests="4" name="custLogin" time="80.957" errors="0" timestamp="2021-06-02T00:19:53 IST">
  <testcase classname="com.w2a.testcases.AllCustomerLogin" name="open1" time="19.692"/>
  <testcase classname="com.w2a.testcases.AllCustomerLogin" name="open1" time="19.521"/>
  <testcase classname="com.w2a.testcases.AllCustomerLogin" name="open1" time="19.688"/>
  <testcase classname="com.w2a.testcases.AllCustomerLogin" name="open1" time="19.63"/>
</testsuite> <!-- custLogin -->
