<?xml version="1.0" encoding="UTF-8"?>
<!-- Generated by org.testng.reporters.JUnitXMLReporter -->
<testsuite ignored="0" hostname="DESKTOP-2RU8RFU" failures="0" tests="4" name="custLogin" time="80.661" errors="0" timestamp="2021-06-17T20:22:29 IST">
  <testcase classname="com.w2a.testcases.AllCustomerLogin" name="open1" time="19.704"/>
  <testcase classname="com.w2a.testcases.AllCustomerLogin" name="open1" time="19.494"/>
  <testcase classname="com.w2a.testcases.AllCustomerLogin" name="open1" time="19.413"/>
  <testcase classname="com.w2a.testcases.AllCustomerLogin" name="open1" time="19.574"/>
</testsuite> <!-- custLogin -->
