<?xml version="1.0" encoding="UTF-8"?>
<!-- Generated by org.testng.reporters.JUnitXMLReporter -->
<testsuite ignored="0" hostname="DESKTOP-SB967CE" failures="0" tests="4" name="openAcc" time="8.887" errors="0" timestamp="2021-06-02T00:18:30 IST">
  <testcase classname="com.w2a.testcases.openAccount" name="open" time="1.632"/>
  <testcase classname="com.w2a.testcases.openAccount" name="open" time="1.502"/>
  <testcase classname="com.w2a.testcases.openAccount" name="open" time="1.472"/>
  <testcase classname="com.w2a.testcases.openAccount" name="open" time="1.594"/>
</testsuite> <!-- openAcc -->
