<?xml version="1.0" encoding="UTF-8"?>
<!-- Generated by org.testng.reporters.JUnitXMLReporter -->
<testsuite ignored="0" hostname="DESKTOP-2RU8RFU" failures="0" tests="4" name="openAcc" time="9.034" errors="0" timestamp="2021-06-17T20:21:06 IST">
  <testcase classname="com.w2a.testcases.openAccount" name="open" time="1.811"/>
  <testcase classname="com.w2a.testcases.openAccount" name="open" time="1.602"/>
  <testcase classname="com.w2a.testcases.openAccount" name="open" time="1.521"/>
  <testcase classname="com.w2a.testcases.openAccount" name="open" time="1.532"/>
</testsuite> <!-- openAcc -->
