<?xml version="1.0" encoding="UTF-8"?>
<!-- Generated by org.testng.reporters.JUnitXMLReporter -->
<testsuite ignored="0" hostname="DESKTOP-SB967CE" failures="1" tests="1" name="Test1" time="0.141" errors="0" timestamp="2021-05-21T13:30:21 IST">
  <testcase classname="com.w2a.testcases.Loginpage" name="setup" time="0.019">
    <failure type="java.lang.NullPointerException" message="Cannot invoke &amp;quot;org.openqa.selenium.WebDriver.findElement(org.openqa.selenium.By)&amp;quot; because &amp;quot;com.w2a.testcases.Loginpage.driver&amp;quot; is null">
      <![CDATA[java.lang.NullPointerException: Cannot invoke "org.openqa.selenium.WebDriver.findElement(org.openqa.selenium.By)" because "com.w2a.testcases.Loginpage.driver" is null
at com.w2a.testcases.Loginpage.setup(Loginpage.java:15)
at java.base/java.util.ArrayList.forEach(ArrayList.java:1511)
... Removed 27 stack frames]]>
    </failure>
  </testcase> <!-- setup -->
</testsuite> <!-- Test1 -->
