<?xml version="1.0" encoding="UTF-8"?>
<testng-results ignored="0" total="15" passed="15" failed="0" skipped="0">
  <reporter-output>
  </reporter-output>
  <suite started-at="2021-06-02T00:18:05 IST" name="Way2A" finished-at="2021-06-02T00:19:53 IST" duration-ms="108747">
    <groups>
    </groups>
    <test started-at="2021-06-02T00:18:05 IST" name="manager login" finished-at="2021-06-02T00:18:05 IST" duration-ms="253">
      <class name="com.w2a.testcases.ManagerLoginpage">
        <test-method signature="setup1()[pri:0, instance:com.w2a.testcases.ManagerLoginpage@496bc455]" started-at="2021-06-02T00:18:05 IST" name="setup1" finished-at="2021-06-02T00:18:05 IST" duration-ms="159" status="PASS">
          <reporter-output>
          </reporter-output>
        </test-method> <!-- setup1 -->
      </class> <!-- com.w2a.testcases.ManagerLoginpage -->
    </test> <!-- manager login -->
    <test started-at="2021-06-02T00:18:05 IST" name="Addcust" finished-at="2021-06-02T00:18:14 IST" duration-ms="9042">
      <class name="com.w2a.testcases.ManagerAddcustomer">
        <test-method is-config="true" signature="AddCus()[pri:0, instance:com.w2a.testcases.ManagerAddcustomer@65f8f5ae]" started-at="2021-06-02T00:18:05 IST" name="AddCus" finished-at="2021-06-02T00:18:05 IST" duration-ms="81" status="PASS">
          <reporter-output>
          </reporter-output>
        </test-method> <!-- AddCus -->
        <test-method signature="excelR(java.lang.String,java.lang.String,java.lang.String)[pri:0, instance:com.w2a.testcases.ManagerAddcustomer@65f8f5ae]" started-at="2021-06-02T00:18:08 IST" name="excelR" data-provider="LoginData" finished-at="2021-06-02T00:18:10 IST" duration-ms="1993" status="PASS">
          <params>
            <param index="0">
              <value>
                <![CDATA[kanna]]>
              </value>
            </param>
            <param index="1">
              <value>
                <![CDATA[admin]]>
              </value>
            </param>
            <param index="2">
              <value>
                <![CDATA[abc001]]>
              </value>
            </param>
          </params>
          <reporter-output>
          </reporter-output>
        </test-method> <!-- excelR -->
        <test-method signature="excelR(java.lang.String,java.lang.String,java.lang.String)[pri:0, instance:com.w2a.testcases.ManagerAddcustomer@65f8f5ae]" started-at="2021-06-02T00:18:10 IST" name="excelR" data-provider="LoginData" finished-at="2021-06-02T00:18:11 IST" duration-ms="1550" status="PASS">
          <params>
            <param index="0">
              <value>
                <![CDATA[raju]]>
              </value>
            </param>
            <param index="1">
              <value>
                <![CDATA[bb]]>
              </value>
            </param>
            <param index="2">
              <value>
                <![CDATA[abc002]]>
              </value>
            </param>
          </params>
          <reporter-output>
          </reporter-output>
        </test-method> <!-- excelR -->
        <test-method signature="excelR(java.lang.String,java.lang.String,java.lang.String)[pri:0, instance:com.w2a.testcases.ManagerAddcustomer@65f8f5ae]" started-at="2021-06-02T00:18:11 IST" name="excelR" data-provider="LoginData" finished-at="2021-06-02T00:18:13 IST" duration-ms="1486" status="PASS">
          <params>
            <param index="0">
              <value>
                <![CDATA[ravi]]>
              </value>
            </param>
            <param index="1">
              <value>
                <![CDATA[ccc]]>
              </value>
            </param>
            <param index="2">
              <value>
                <![CDATA[abc003]]>
              </value>
            </param>
          </params>
          <reporter-output>
          </reporter-output>
        </test-method> <!-- excelR -->
        <test-method signature="excelR(java.lang.String,java.lang.String,java.lang.String)[pri:0, instance:com.w2a.testcases.ManagerAddcustomer@65f8f5ae]" started-at="2021-06-02T00:18:13 IST" name="excelR" data-provider="LoginData" finished-at="2021-06-02T00:18:14 IST" duration-ms="1466" status="PASS">
          <params>
            <param index="0">
              <value>
                <![CDATA[rani]]>
              </value>
            </param>
            <param index="1">
              <value>
                <![CDATA[ddd]]>
              </value>
            </param>
            <param index="2">
              <value>
                <![CDATA[abc004]]>
              </value>
            </param>
          </params>
          <reporter-output>
          </reporter-output>
        </test-method> <!-- excelR -->
      </class> <!-- com.w2a.testcases.ManagerAddcustomer -->
    </test> <!-- Addcust -->
    <test started-at="2021-06-02T00:18:14 IST" name="show" finished-at="2021-06-02T00:18:21 IST" duration-ms="7249">
      <class name="com.w2a.testcases.Showcustomerdetails">
        <test-method signature="setup3()[pri:0, instance:com.w2a.testcases.Showcustomerdetails@4b8d604b]" started-at="2021-06-02T00:18:14 IST" name="setup3" finished-at="2021-06-02T00:18:21 IST" duration-ms="7241" status="PASS">
          <reporter-output>
          </reporter-output>
        </test-method> <!-- setup3 -->
      </class> <!-- com.w2a.testcases.Showcustomerdetails -->
    </test> <!-- show -->
    <test started-at="2021-06-02T00:18:21 IST" name="openAcc" finished-at="2021-06-02T00:18:30 IST" duration-ms="8887">
      <class name="com.w2a.testcases.openAccount">
        <test-method signature="open(java.lang.String,java.lang.String)[pri:0, instance:com.w2a.testcases.openAccount@6a8658ff]" started-at="2021-06-02T00:18:22 IST" name="open" data-provider="data" finished-at="2021-06-02T00:18:23 IST" duration-ms="1632" status="PASS">
          <params>
            <param index="0">
              <value>
                <![CDATA[kanna]]>
              </value>
            </param>
            <param index="1">
              <value>
                <![CDATA[Rupee]]>
              </value>
            </param>
          </params>
          <reporter-output>
          </reporter-output>
        </test-method> <!-- open -->
        <test-method signature="open(java.lang.String,java.lang.String)[pri:0, instance:com.w2a.testcases.openAccount@6a8658ff]" started-at="2021-06-02T00:18:23 IST" name="open" data-provider="data" finished-at="2021-06-02T00:18:25 IST" duration-ms="1502" status="PASS">
          <params>
            <param index="0">
              <value>
                <![CDATA[raju]]>
              </value>
            </param>
            <param index="1">
              <value>
                <![CDATA[Rupee]]>
              </value>
            </param>
          </params>
          <reporter-output>
          </reporter-output>
        </test-method> <!-- open -->
        <test-method signature="open(java.lang.String,java.lang.String)[pri:0, instance:com.w2a.testcases.openAccount@6a8658ff]" started-at="2021-06-02T00:18:25 IST" name="open" data-provider="data" finished-at="2021-06-02T00:18:26 IST" duration-ms="1472" status="PASS">
          <params>
            <param index="0">
              <value>
                <![CDATA[ravi]]>
              </value>
            </param>
            <param index="1">
              <value>
                <![CDATA[Rupee]]>
              </value>
            </param>
          </params>
          <reporter-output>
          </reporter-output>
        </test-method> <!-- open -->
        <test-method signature="open(java.lang.String,java.lang.String)[pri:0, instance:com.w2a.testcases.openAccount@6a8658ff]" started-at="2021-06-02T00:18:26 IST" name="open" data-provider="data" finished-at="2021-06-02T00:18:28 IST" duration-ms="1594" status="PASS">
          <params>
            <param index="0">
              <value>
                <![CDATA[rani]]>
              </value>
            </param>
            <param index="1">
              <value>
                <![CDATA[Rupee]]>
              </value>
            </param>
          </params>
          <reporter-output>
          </reporter-output>
        </test-method> <!-- open -->
        <test-method is-config="true" signature="checkAccNum()[pri:0, instance:com.w2a.testcases.openAccount@6a8658ff]" started-at="2021-06-02T00:18:28 IST" name="checkAccNum" finished-at="2021-06-02T00:18:30 IST" duration-ms="2238" status="PASS">
          <reporter-output>
          </reporter-output>
        </test-method> <!-- checkAccNum -->
      </class> <!-- com.w2a.testcases.openAccount -->
    </test> <!-- openAcc -->
    <test started-at="2021-06-02T00:18:30 IST" name="gotohomepage" finished-at="2021-06-02T00:18:32 IST" duration-ms="2165">
      <class name="com.w2a.testcases.gotohomepage">
        <test-method signature="setup2()[pri:0, instance:com.w2a.testcases.gotohomepage@4d14b6c2]" started-at="2021-06-02T00:18:30 IST" name="setup2" finished-at="2021-06-02T00:18:32 IST" duration-ms="2159" status="PASS">
          <reporter-output>
          </reporter-output>
        </test-method> <!-- setup2 -->
      </class> <!-- com.w2a.testcases.gotohomepage -->
    </test> <!-- gotohomepage -->
    <test started-at="2021-06-02T00:18:32 IST" name="custLogin" finished-at="2021-06-02T00:19:53 IST" duration-ms="80957">
      <class name="com.w2a.testcases.AllCustomerLogin">
        <test-method is-config="true" signature="Propertiefile()[pri:0, instance:com.w2a.testcases.AllCustomerLogin@50378a4]" started-at="2021-06-02T00:17:59 IST" name="Propertiefile" finished-at="2021-06-02T00:18:05 IST" duration-ms="5533" status="PASS">
          <reporter-output>
          </reporter-output>
        </test-method> <!-- Propertiefile -->
        <test-method is-config="true" signature="AddCus()[pri:0, instance:com.w2a.testcases.AllCustomerLogin@50378a4]" started-at="2021-06-02T00:18:32 IST" name="AddCus" finished-at="2021-06-02T00:18:35 IST" duration-ms="2091" status="PASS">
          <reporter-output>
          </reporter-output>
        </test-method> <!-- AddCus -->
        <test-method signature="open1(java.lang.String,java.lang.String)[pri:0, instance:com.w2a.testcases.AllCustomerLogin@50378a4]" started-at="2021-06-02T00:18:35 IST" name="open1" data-provider="customerdata" finished-at="2021-06-02T00:18:55 IST" duration-ms="19692" status="PASS">
          <params>
            <param index="0">
              <value>
                <![CDATA[kanna]]>
              </value>
            </param>
            <param index="1">
              <value>
                <![CDATA[valid]]>
              </value>
            </param>
          </params>
          <reporter-output>
          </reporter-output>
        </test-method> <!-- open1 -->
        <test-method signature="open1(java.lang.String,java.lang.String)[pri:0, instance:com.w2a.testcases.AllCustomerLogin@50378a4]" started-at="2021-06-02T00:18:55 IST" name="open1" data-provider="customerdata" finished-at="2021-06-02T00:19:14 IST" duration-ms="19521" status="PASS">
          <params>
            <param index="0">
              <value>
                <![CDATA[raju]]>
              </value>
            </param>
            <param index="1">
              <value>
                <![CDATA[valid]]>
              </value>
            </param>
          </params>
          <reporter-output>
          </reporter-output>
        </test-method> <!-- open1 -->
        <test-method signature="open1(java.lang.String,java.lang.String)[pri:0, instance:com.w2a.testcases.AllCustomerLogin@50378a4]" started-at="2021-06-02T00:19:14 IST" name="open1" data-provider="customerdata" finished-at="2021-06-02T00:19:34 IST" duration-ms="19688" status="PASS">
          <params>
            <param index="0">
              <value>
                <![CDATA[ravi]]>
              </value>
            </param>
            <param index="1">
              <value>
                <![CDATA[valid]]>
              </value>
            </param>
          </params>
          <reporter-output>
          </reporter-output>
        </test-method> <!-- open1 -->
        <test-method signature="open1(java.lang.String,java.lang.String)[pri:0, instance:com.w2a.testcases.AllCustomerLogin@50378a4]" started-at="2021-06-02T00:19:34 IST" name="open1" data-provider="customerdata" finished-at="2021-06-02T00:19:53 IST" duration-ms="19630" status="PASS">
          <params>
            <param index="0">
              <value>
                <![CDATA[rani]]>
              </value>
            </param>
            <param index="1">
              <value>
                <![CDATA[valid]]>
              </value>
            </param>
          </params>
          <reporter-output>
          </reporter-output>
        </test-method> <!-- open1 -->
      </class> <!-- com.w2a.testcases.AllCustomerLogin -->
    </test> <!-- custLogin -->
  </suite> <!-- Way2A -->
</testng-results>
