<?xml version="1.0" encoding="UTF-8"?>
<testng-results ignored="0" total="15" passed="15" failed="0" skipped="0">
  <reporter-output>
  </reporter-output>
  <suite started-at="2021-06-17T20:20:35 IST" name="Way2A" finished-at="2021-06-17T20:22:29 IST" duration-ms="114286">
    <groups>
    </groups>
    <test started-at="2021-06-17T20:20:35 IST" name="manager login" finished-at="2021-06-17T20:20:35 IST" duration-ms="604">
      <class name="com.w2a.testcases.ManagerLoginpage">
        <test-method signature="setup1()[pri:0, instance:com.w2a.testcases.ManagerLoginpage@7188af83]" started-at="2021-06-17T20:20:35 IST" name="setup1" finished-at="2021-06-17T20:20:35 IST" duration-ms="474" status="PASS">
          <reporter-output>
          </reporter-output>
        </test-method> <!-- setup1 -->
      </class> <!-- com.w2a.testcases.ManagerLoginpage -->
    </test> <!-- manager login -->
    <test started-at="2021-06-17T20:20:36 IST" name="Addcust" finished-at="2021-06-17T20:20:50 IST" duration-ms="14172">
      <class name="com.w2a.testcases.ManagerAddcustomer">
        <test-method is-config="true" signature="AddCus()[pri:0, instance:com.w2a.testcases.ManagerAddcustomer@38467116]" started-at="2021-06-17T20:20:36 IST" name="AddCus" finished-at="2021-06-17T20:20:36 IST" duration-ms="121" status="PASS">
          <reporter-output>
          </reporter-output>
        </test-method> <!-- AddCus -->
        <test-method signature="excelR(java.lang.String,java.lang.String,java.lang.String)[pri:0, instance:com.w2a.testcases.ManagerAddcustomer@38467116]" started-at="2021-06-17T20:20:43 IST" name="excelR" data-provider="LoginData" finished-at="2021-06-17T20:20:45 IST" duration-ms="2298" status="PASS">
          <params>
            <param index="0">
              <value>
                <![CDATA[kanna]]>
              </value>
            </param>
            <param index="1">
              <value>
                <![CDATA[admin]]>
              </value>
            </param>
            <param index="2">
              <value>
                <![CDATA[abc001]]>
              </value>
            </param>
          </params>
          <reporter-output>
          </reporter-output>
        </test-method> <!-- excelR -->
        <test-method signature="excelR(java.lang.String,java.lang.String,java.lang.String)[pri:0, instance:com.w2a.testcases.ManagerAddcustomer@38467116]" started-at="2021-06-17T20:20:45 IST" name="excelR" data-provider="LoginData" finished-at="2021-06-17T20:20:47 IST" duration-ms="1493" status="PASS">
          <params>
            <param index="0">
              <value>
                <![CDATA[raju]]>
              </value>
            </param>
            <param index="1">
              <value>
                <![CDATA[bb]]>
              </value>
            </param>
            <param index="2">
              <value>
                <![CDATA[abc002]]>
              </value>
            </param>
          </params>
          <reporter-output>
          </reporter-output>
        </test-method> <!-- excelR -->
        <test-method signature="excelR(java.lang.String,java.lang.String,java.lang.String)[pri:0, instance:com.w2a.testcases.ManagerAddcustomer@38467116]" started-at="2021-06-17T20:20:47 IST" name="excelR" data-provider="LoginData" finished-at="2021-06-17T20:20:48 IST" duration-ms="1558" status="PASS">
          <params>
            <param index="0">
              <value>
                <![CDATA[ravi]]>
              </value>
            </param>
            <param index="1">
              <value>
                <![CDATA[ccc]]>
              </value>
            </param>
            <param index="2">
              <value>
                <![CDATA[abc003]]>
              </value>
            </param>
          </params>
          <reporter-output>
          </reporter-output>
        </test-method> <!-- excelR -->
        <test-method signature="excelR(java.lang.String,java.lang.String,java.lang.String)[pri:0, instance:com.w2a.testcases.ManagerAddcustomer@38467116]" started-at="2021-06-17T20:20:48 IST" name="excelR" data-provider="LoginData" finished-at="2021-06-17T20:20:50 IST" duration-ms="1446" status="PASS">
          <params>
            <param index="0">
              <value>
                <![CDATA[rani]]>
              </value>
            </param>
            <param index="1">
              <value>
                <![CDATA[ddd]]>
              </value>
            </param>
            <param index="2">
              <value>
                <![CDATA[abc004]]>
              </value>
            </param>
          </params>
          <reporter-output>
          </reporter-output>
        </test-method> <!-- excelR -->
      </class> <!-- com.w2a.testcases.ManagerAddcustomer -->
    </test> <!-- Addcust -->
    <test started-at="2021-06-17T20:20:50 IST" name="show" finished-at="2021-06-17T20:20:57 IST" duration-ms="7378">
      <class name="com.w2a.testcases.Showcustomerdetails">
        <test-method signature="setup3()[pri:0, instance:com.w2a.testcases.Showcustomerdetails@68c9d179]" started-at="2021-06-17T20:20:50 IST" name="setup3" finished-at="2021-06-17T20:20:57 IST" duration-ms="7372" status="PASS">
          <reporter-output>
          </reporter-output>
        </test-method> <!-- setup3 -->
      </class> <!-- com.w2a.testcases.Showcustomerdetails -->
    </test> <!-- show -->
    <test started-at="2021-06-17T20:20:57 IST" name="openAcc" finished-at="2021-06-17T20:21:06 IST" duration-ms="9034">
      <class name="com.w2a.testcases.openAccount">
        <test-method signature="open(java.lang.String,java.lang.String)[pri:0, instance:com.w2a.testcases.openAccount@333d4a8c]" started-at="2021-06-17T20:20:57 IST" name="open" data-provider="data" finished-at="2021-06-17T20:20:59 IST" duration-ms="1811" status="PASS">
          <params>
            <param index="0">
              <value>
                <![CDATA[kanna]]>
              </value>
            </param>
            <param index="1">
              <value>
                <![CDATA[Rupee]]>
              </value>
            </param>
          </params>
          <reporter-output>
          </reporter-output>
        </test-method> <!-- open -->
        <test-method signature="open(java.lang.String,java.lang.String)[pri:0, instance:com.w2a.testcases.openAccount@333d4a8c]" started-at="2021-06-17T20:20:59 IST" name="open" data-provider="data" finished-at="2021-06-17T20:21:01 IST" duration-ms="1602" status="PASS">
          <params>
            <param index="0">
              <value>
                <![CDATA[raju]]>
              </value>
            </param>
            <param index="1">
              <value>
                <![CDATA[Rupee]]>
              </value>
            </param>
          </params>
          <reporter-output>
          </reporter-output>
        </test-method> <!-- open -->
        <test-method signature="open(java.lang.String,java.lang.String)[pri:0, instance:com.w2a.testcases.openAccount@333d4a8c]" started-at="2021-06-17T20:21:01 IST" name="open" data-provider="data" finished-at="2021-06-17T20:21:02 IST" duration-ms="1521" status="PASS">
          <params>
            <param index="0">
              <value>
                <![CDATA[ravi]]>
              </value>
            </param>
            <param index="1">
              <value>
                <![CDATA[Rupee]]>
              </value>
            </param>
          </params>
          <reporter-output>
          </reporter-output>
        </test-method> <!-- open -->
        <test-method signature="open(java.lang.String,java.lang.String)[pri:0, instance:com.w2a.testcases.openAccount@333d4a8c]" started-at="2021-06-17T20:21:02 IST" name="open" data-provider="data" finished-at="2021-06-17T20:21:04 IST" duration-ms="1532" status="PASS">
          <params>
            <param index="0">
              <value>
                <![CDATA[rani]]>
              </value>
            </param>
            <param index="1">
              <value>
                <![CDATA[Rupee]]>
              </value>
            </param>
          </params>
          <reporter-output>
          </reporter-output>
        </test-method> <!-- open -->
        <test-method is-config="true" signature="checkAccNum()[pri:0, instance:com.w2a.testcases.openAccount@333d4a8c]" started-at="2021-06-17T20:21:04 IST" name="checkAccNum" finished-at="2021-06-17T20:21:06 IST" duration-ms="2196" status="PASS">
          <reporter-output>
          </reporter-output>
        </test-method> <!-- checkAccNum -->
      </class> <!-- com.w2a.testcases.openAccount -->
    </test> <!-- openAcc -->
    <test started-at="2021-06-17T20:21:06 IST" name="gotohomepage" finished-at="2021-06-17T20:21:08 IST" duration-ms="2110">
      <class name="com.w2a.testcases.gotohomepage">
        <test-method signature="setup2()[pri:0, instance:com.w2a.testcases.gotohomepage@c05fddc]" started-at="2021-06-17T20:21:06 IST" name="setup2" finished-at="2021-06-17T20:21:08 IST" duration-ms="2103" status="PASS">
          <reporter-output>
          </reporter-output>
        </test-method> <!-- setup2 -->
      </class> <!-- com.w2a.testcases.gotohomepage -->
    </test> <!-- gotohomepage -->
    <test started-at="2021-06-17T20:21:08 IST" name="custLogin" finished-at="2021-06-17T20:22:29 IST" duration-ms="80661">
      <class name="com.w2a.testcases.AllCustomerLogin">
        <test-method is-config="true" signature="Propertiefile()[pri:0, instance:com.w2a.testcases.AllCustomerLogin@79207381]" started-at="2021-06-17T20:20:25 IST" name="Propertiefile" finished-at="2021-06-17T20:20:35 IST" duration-ms="9664" status="PASS">
          <reporter-output>
          </reporter-output>
        </test-method> <!-- Propertiefile -->
        <test-method is-config="true" signature="AddCus()[pri:0, instance:com.w2a.testcases.AllCustomerLogin@79207381]" started-at="2021-06-17T20:21:08 IST" name="AddCus" finished-at="2021-06-17T20:21:10 IST" duration-ms="2125" status="PASS">
          <reporter-output>
          </reporter-output>
        </test-method> <!-- AddCus -->
        <test-method signature="open1(java.lang.String,java.lang.String)[pri:0, instance:com.w2a.testcases.AllCustomerLogin@79207381]" started-at="2021-06-17T20:21:11 IST" name="open1" data-provider="customerdata" finished-at="2021-06-17T20:21:30 IST" duration-ms="19704" status="PASS">
          <params>
            <param index="0">
              <value>
                <![CDATA[kanna]]>
              </value>
            </param>
            <param index="1">
              <value>
                <![CDATA[valid]]>
              </value>
            </param>
          </params>
          <reporter-output>
          </reporter-output>
        </test-method> <!-- open1 -->
        <test-method signature="open1(java.lang.String,java.lang.String)[pri:0, instance:com.w2a.testcases.AllCustomerLogin@79207381]" started-at="2021-06-17T20:21:30 IST" name="open1" data-provider="customerdata" finished-at="2021-06-17T20:21:50 IST" duration-ms="19494" status="PASS">
          <params>
            <param index="0">
              <value>
                <![CDATA[raju]]>
              </value>
            </param>
            <param index="1">
              <value>
                <![CDATA[valid]]>
              </value>
            </param>
          </params>
          <reporter-output>
          </reporter-output>
        </test-method> <!-- open1 -->
        <test-method signature="open1(java.lang.String,java.lang.String)[pri:0, instance:com.w2a.testcases.AllCustomerLogin@79207381]" started-at="2021-06-17T20:21:50 IST" name="open1" data-provider="customerdata" finished-at="2021-06-17T20:22:09 IST" duration-ms="19413" status="PASS">
          <params>
            <param index="0">
              <value>
                <![CDATA[ravi]]>
              </value>
            </param>
            <param index="1">
              <value>
                <![CDATA[valid]]>
              </value>
            </param>
          </params>
          <reporter-output>
          </reporter-output>
        </test-method> <!-- open1 -->
        <test-method signature="open1(java.lang.String,java.lang.String)[pri:0, instance:com.w2a.testcases.AllCustomerLogin@79207381]" started-at="2021-06-17T20:22:09 IST" name="open1" data-provider="customerdata" finished-at="2021-06-17T20:22:29 IST" duration-ms="19574" status="PASS">
          <params>
            <param index="0">
              <value>
                <![CDATA[rani]]>
              </value>
            </param>
            <param index="1">
              <value>
                <![CDATA[valid]]>
              </value>
            </param>
          </params>
          <reporter-output>
          </reporter-output>
        </test-method> <!-- open1 -->
      </class> <!-- com.w2a.testcases.AllCustomerLogin -->
    </test> <!-- custLogin -->
  </suite> <!-- Way2A -->
</testng-results>
